<?xml version="1.0" encoding="UTF-8"?>
<!-- Generated by org.testng.reporters.JUnitReportReporter -->
<testsuite hostname="DESKTOP-GIH9HIA" failures="0" tests="15" name="testing.CPF_1" time="39.506" errors="0" timestamp="2021-03-30T12:31:12 EDT" skipped="0">
  <testcase classname="testing.CPF_1" name="cpf7" time="2.353"/>
  <system-out/>
  <testcase classname="testing.CPF_1" name="cpf8" time="2.951"/>
  <system-out/>
  <testcase classname="testing.CPF_1" name="cpf1" time="2.782"/>
  <system-out/>
  <testcase classname="testing.CPF_1" name="cpf4" time="2.105"/>
  <system-out/>
  <testcase classname="testing.CPF_1" name="cpf9" time="2.370"/>
  <system-out/>
  <testcase classname="testing.CPF_1" name="cpf2" time="2.393"/>
  <system-out/>
  <testcase classname="testing.CPF_1" name="cpf5" time="4.074"/>
  <system-out/>
  <testcase classname="testing.CPF_1" name="cpf3" time="2.428"/>
  <system-out/>
  <testcase classname="testing.CPF_1" name="cpf6" time="2.385"/>
  <system-out/>
  <testcase classname="testing.CPF_1" name="cpf10" time="2.687"/>
  <system-out/>
  <testcase classname="testing.CPF_1" name="cpf13" time="2.688"/>
  <system-out/>
  <testcase classname="testing.CPF_1" name="cpf12" time="2.332"/>
  <system-out/>
  <testcase classname="testing.CPF_1" name="cpf14" time="2.784"/>
  <system-out/>
  <testcase classname="testing.CPF_1" name="cpf11" time="2.601"/>
  <system-out/>
  <testcase classname="testing.CPF_1" name="cpf15" time="2.573"/>
  <system-out/>
</testsuite> <!-- testing.CPF_1 -->
