<?xml version="1.0" encoding="UTF-8"?>
<!-- Generated by org.testng.reporters.JUnitReportReporter -->
<testsuite hostname="DESKTOP-GIH9HIA" failures="0" tests="1" name="testing.CPF_testNg1" time="2.925" errors="0" timestamp="2021-03-30T19:55:35 EDT" skipped="0">
  <testcase classname="testing.CPF_testNg1" name="cpf1" time="2.925"/>
  <system-out/>
</testsuite> <!-- testing.CPF_testNg1 -->
